2021-10-14 12:49:25.997 [restartedMain] WARN  org.mybatis.spring.mapper.ClassPathMapperScanner - Skipping MapperFactoryBean with name 'hospitalSetMapper' and 'com.han.hospitalmanage.mapper.HospitalSetMapper' mapperInterface. Bean already defined with the same name!
2021-10-14 12:49:25.999 [restartedMain] WARN  org.mybatis.spring.mapper.ClassPathMapperScanner - Skipping MapperFactoryBean with name 'orderInfoMapper' and 'com.han.hospitalmanage.mapper.OrderInfoMapper' mapperInterface. Bean already defined with the same name!
2021-10-14 12:49:25.999 [restartedMain] WARN  org.mybatis.spring.mapper.ClassPathMapperScanner - Skipping MapperFactoryBean with name 'scheduleMapper' and 'com.han.hospitalmanage.mapper.ScheduleMapper' mapperInterface. Bean already defined with the same name!
2021-10-14 12:49:25.999 [restartedMain] WARN  org.mybatis.spring.mapper.ClassPathMapperScanner - No MyBatis mapper was found in '[com.han.hospitalmanage.mapper]' package. Please check your configuration.
2021-10-14 12:49:27.502 [restartedMain] WARN  org.thymeleaf.templatemode.TemplateMode - [THYMELEAF][restartedMain] Template Mode 'LEGACYHTML5' is deprecated. Using Template Mode 'HTML' instead.
2021-10-14 13:03:57.023 [restartedMain] WARN  org.mybatis.spring.mapper.ClassPathMapperScanner - Skipping MapperFactoryBean with name 'hospitalSetMapper' and 'com.han.hospitalmanage.mapper.HospitalSetMapper' mapperInterface. Bean already defined with the same name!
2021-10-14 13:03:57.023 [restartedMain] WARN  org.mybatis.spring.mapper.ClassPathMapperScanner - Skipping MapperFactoryBean with name 'orderInfoMapper' and 'com.han.hospitalmanage.mapper.OrderInfoMapper' mapperInterface. Bean already defined with the same name!
2021-10-14 13:03:57.024 [restartedMain] WARN  org.mybatis.spring.mapper.ClassPathMapperScanner - Skipping MapperFactoryBean with name 'scheduleMapper' and 'com.han.hospitalmanage.mapper.ScheduleMapper' mapperInterface. Bean already defined with the same name!
2021-10-14 13:03:57.024 [restartedMain] WARN  org.mybatis.spring.mapper.ClassPathMapperScanner - No MyBatis mapper was found in '[com.han.hospitalmanage.mapper]' package. Please check your configuration.
2021-10-14 13:03:58.381 [restartedMain] WARN  org.thymeleaf.templatemode.TemplateMode - [THYMELEAF][restartedMain] Template Mode 'LEGACYHTML5' is deprecated. Using Template Mode 'HTML' instead.
2021-10-14 13:18:49.055 [http-nio-9998-exec-1] WARN  o.s.w.s.m.m.a.ExceptionHandlerExceptionResolver - Resolved [org.springframework.web.HttpRequestMethodNotSupportedException: Request method 'GET' not supported]
2021-10-14 13:20:55.963 [restartedMain] WARN  org.mybatis.spring.mapper.ClassPathMapperScanner - Skipping MapperFactoryBean with name 'hospitalSetMapper' and 'com.han.hospitalmanage.mapper.HospitalSetMapper' mapperInterface. Bean already defined with the same name!
2021-10-14 13:20:55.963 [restartedMain] WARN  org.mybatis.spring.mapper.ClassPathMapperScanner - Skipping MapperFactoryBean with name 'orderInfoMapper' and 'com.han.hospitalmanage.mapper.OrderInfoMapper' mapperInterface. Bean already defined with the same name!
2021-10-14 13:20:55.964 [restartedMain] WARN  org.mybatis.spring.mapper.ClassPathMapperScanner - Skipping MapperFactoryBean with name 'scheduleMapper' and 'com.han.hospitalmanage.mapper.ScheduleMapper' mapperInterface. Bean already defined with the same name!
2021-10-14 13:20:55.964 [restartedMain] WARN  org.mybatis.spring.mapper.ClassPathMapperScanner - No MyBatis mapper was found in '[com.han.hospitalmanage.mapper]' package. Please check your configuration.
2021-10-14 13:20:57.270 [restartedMain] WARN  org.thymeleaf.templatemode.TemplateMode - [THYMELEAF][restartedMain] Template Mode 'LEGACYHTML5' is deprecated. Using Template Mode 'HTML' instead.
2021-10-14 15:07:00.489 [restartedMain] WARN  org.mybatis.spring.mapper.ClassPathMapperScanner - Skipping MapperFactoryBean with name 'hospitalSetMapper' and 'com.han.hospitalmanage.mapper.HospitalSetMapper' mapperInterface. Bean already defined with the same name!
2021-10-14 15:07:00.490 [restartedMain] WARN  org.mybatis.spring.mapper.ClassPathMapperScanner - Skipping MapperFactoryBean with name 'orderInfoMapper' and 'com.han.hospitalmanage.mapper.OrderInfoMapper' mapperInterface. Bean already defined with the same name!
2021-10-14 15:07:00.490 [restartedMain] WARN  org.mybatis.spring.mapper.ClassPathMapperScanner - Skipping MapperFactoryBean with name 'scheduleMapper' and 'com.han.hospitalmanage.mapper.ScheduleMapper' mapperInterface. Bean already defined with the same name!
2021-10-14 15:07:00.490 [restartedMain] WARN  org.mybatis.spring.mapper.ClassPathMapperScanner - No MyBatis mapper was found in '[com.han.hospitalmanage.mapper]' package. Please check your configuration.
2021-10-14 15:07:01.966 [restartedMain] WARN  org.thymeleaf.templatemode.TemplateMode - [THYMELEAF][restartedMain] Template Mode 'LEGACYHTML5' is deprecated. Using Template Mode 'HTML' instead.
2021-10-14 15:33:49.411 [restartedMain] WARN  org.mybatis.spring.mapper.ClassPathMapperScanner - Skipping MapperFactoryBean with name 'hospitalSetMapper' and 'com.han.hospitalmanage.mapper.HospitalSetMapper' mapperInterface. Bean already defined with the same name!
2021-10-14 15:33:49.412 [restartedMain] WARN  org.mybatis.spring.mapper.ClassPathMapperScanner - Skipping MapperFactoryBean with name 'orderInfoMapper' and 'com.han.hospitalmanage.mapper.OrderInfoMapper' mapperInterface. Bean already defined with the same name!
2021-10-14 15:33:49.412 [restartedMain] WARN  org.mybatis.spring.mapper.ClassPathMapperScanner - Skipping MapperFactoryBean with name 'scheduleMapper' and 'com.han.hospitalmanage.mapper.ScheduleMapper' mapperInterface. Bean already defined with the same name!
2021-10-14 15:33:49.413 [restartedMain] WARN  org.mybatis.spring.mapper.ClassPathMapperScanner - No MyBatis mapper was found in '[com.han.hospitalmanage.mapper]' package. Please check your configuration.
2021-10-14 15:33:50.782 [restartedMain] WARN  o.s.b.d.autoconfigure.OptionalLiveReloadServer - Unable to start LiveReload server
2021-10-14 15:33:50.841 [restartedMain] WARN  org.thymeleaf.templatemode.TemplateMode - [THYMELEAF][restartedMain] Template Mode 'LEGACYHTML5' is deprecated. Using Template Mode 'HTML' instead.
2021-10-14 16:05:35.534 [restartedMain] WARN  org.mybatis.spring.mapper.ClassPathMapperScanner - Skipping MapperFactoryBean with name 'hospitalSetMapper' and 'com.han.hospitalmanage.mapper.HospitalSetMapper' mapperInterface. Bean already defined with the same name!
2021-10-14 16:05:35.535 [restartedMain] WARN  org.mybatis.spring.mapper.ClassPathMapperScanner - Skipping MapperFactoryBean with name 'orderInfoMapper' and 'com.han.hospitalmanage.mapper.OrderInfoMapper' mapperInterface. Bean already defined with the same name!
2021-10-14 16:05:35.535 [restartedMain] WARN  org.mybatis.spring.mapper.ClassPathMapperScanner - Skipping MapperFactoryBean with name 'scheduleMapper' and 'com.han.hospitalmanage.mapper.ScheduleMapper' mapperInterface. Bean already defined with the same name!
2021-10-14 16:05:35.535 [restartedMain] WARN  org.mybatis.spring.mapper.ClassPathMapperScanner - No MyBatis mapper was found in '[com.han.hospitalmanage.mapper]' package. Please check your configuration.
2021-10-14 16:05:36.749 [restartedMain] WARN  o.s.b.d.autoconfigure.OptionalLiveReloadServer - Unable to start LiveReload server
2021-10-14 16:05:36.799 [restartedMain] WARN  org.thymeleaf.templatemode.TemplateMode - [THYMELEAF][restartedMain] Template Mode 'LEGACYHTML5' is deprecated. Using Template Mode 'HTML' instead.
